<?xml version="1.0" encoding="UTF-8"?>
<!-- Generated by org.testng.reporters.JUnitXMLReporter -->
<testsuite hostname="Noor308" ignored="0" tests="8" failures="0" timestamp="01 Jul 2019 19:25:22 GMT" time="2.901" errors="0">
  <testcase name="@BeforeClass setUp" time="2.84" classname="porshe718">
    <failure type="org.openqa.selenium.SessionNotCreatedException" message="session not created: This version of ChromeDriver only supports Chrome version 76
Build info: version: &amp;apos;3.12.0&amp;apos;, revision: &amp;apos;7c6e0b3&amp;apos;, time: &amp;apos;2018-05-08T14:04:26.12Z&amp;apos;
System info: host: &amp;apos;NOOR308&amp;apos;, ip: &amp;apos;192.168.1.6&amp;apos;, os.name: &amp;apos;Windows 10&amp;apos;, os.arch: &amp;apos;amd64&amp;apos;, os.version: &amp;apos;10.0&amp;apos;, java.version: &amp;apos;1.8.0_162&amp;apos;
Driver info: driver.version: ChromeDriver
remote stacktrace: Backtrace:
	Ordinal0 [0x01377B13+1473299]
	Ordinal0 [0x012FAC61+961633]
	Ordinal0 [0x012841A3+475555]
	Ordinal0 [0x0121F365+62309]
	Ordinal0 [0x0121BC77+48247]
	Ordinal0 [0x01238FD9+167897]
	Ordinal0 [0x01238BAD+166829]
	Ordinal0 [0x012372BB+160443]
	Ordinal0 [0x01220AE6+68326]
	Ordinal0 [0x01221A80+72320]
	Ordinal0 [0x01221A19+72217]
	Ordinal0 [0x01314A27+1067559]
	GetHandleVerifier [0x014166F5+506677]
	GetHandleVerifier [0x01416490+506064]
	GetHandleVerifier [0x0141D038+533624]
	GetHandleVerifier [0x01416ECA+508682]
	Ordinal0 [0x0130C116+1032470]
	Ordinal0 [0x0130BF8F+1032079]
	Ordinal0 [0x0131693B+1075515]
	Ordinal0 [0x01316AA3+1075875]
	Ordinal0 [0x01315A55+1071701]
	BaseThreadInitThunk [0x767F0419+25]
	RtlGetAppContainerNamedObjectPath [0x76F2662D+237]
	RtlGetAppContainerNamedObjectPath [0x76F265FD+189]
">
      <![CDATA[org.openqa.selenium.SessionNotCreatedException: session not created: This version of ChromeDriver only supports Chrome version 76
Build info: version: '3.12.0', revision: '7c6e0b3', time: '2018-05-08T14:04:26.12Z'
System info: host: 'NOOR308', ip: '192.168.1.6', os.name: 'Windows 10', os.arch: 'amd64', os.version: '10.0', java.version: '1.8.0_162'
Driver info: driver.version: ChromeDriver
remote stacktrace: Backtrace:
Ordinal0 [0x01377B13+1473299]
Ordinal0 [0x012FAC61+961633]
Ordinal0 [0x012841A3+475555]
Ordinal0 [0x0121F365+62309]
Ordinal0 [0x0121BC77+48247]
Ordinal0 [0x01238FD9+167897]
Ordinal0 [0x01238BAD+166829]
Ordinal0 [0x012372BB+160443]
Ordinal0 [0x01220AE6+68326]
Ordinal0 [0x01221A80+72320]
Ordinal0 [0x01221A19+72217]
Ordinal0 [0x01314A27+1067559]
GetHandleVerifier [0x014166F5+506677]
GetHandleVerifier [0x01416490+506064]
GetHandleVerifier [0x0141D038+533624]
GetHandleVerifier [0x01416ECA+508682]
Ordinal0 [0x0130C116+1032470]
Ordinal0 [0x0130BF8F+1032079]
Ordinal0 [0x0131693B+1075515]
Ordinal0 [0x01316AA3+1075875]
Ordinal0 [0x01315A55+1071701]
BaseThreadInitThunk [0x767F0419+25]
RtlGetAppContainerNamedObjectPath [0x76F2662D+237]
RtlGetAppContainerNamedObjectPath [0x76F265FD+189]

at sun.reflect.NativeConstructorAccessorImpl.newInstance0(Native Method)
at sun.reflect.NativeConstructorAccessorImpl.newInstance(Unknown Source)
at sun.reflect.DelegatingConstructorAccessorImpl.newInstance(Unknown Source)
at java.lang.reflect.Constructor.newInstance(Unknown Source)
at org.openqa.selenium.remote.W3CHandshakeResponse.lambda$new$0(W3CHandshakeResponse.java:57)
at org.openqa.selenium.remote.W3CHandshakeResponse.lambda$getResponseFunction$2(W3CHandshakeResponse.java:104)
at org.openqa.selenium.remote.ProtocolHandshake.lambda$createSession$0(ProtocolHandshake.java:123)
at java.util.stream.ReferencePipeline$3$1.accept(Unknown Source)
at java.util.Spliterators$ArraySpliterator.tryAdvance(Unknown Source)
at java.util.stream.ReferencePipeline.forEachWithCancel(Unknown Source)
at java.util.stream.AbstractPipeline.copyIntoWithCancel(Unknown Source)
at java.util.stream.AbstractPipeline.copyInto(Unknown Source)
at java.util.stream.AbstractPipeline.wrapAndCopyInto(Unknown Source)
at java.util.stream.FindOps$FindOp.evaluateSequential(Unknown Source)
at java.util.stream.AbstractPipeline.evaluate(Unknown Source)
at java.util.stream.ReferencePipeline.findFirst(Unknown Source)
at org.openqa.selenium.remote.ProtocolHandshake.createSession(ProtocolHandshake.java:126)
at org.openqa.selenium.remote.ProtocolHandshake.createSession(ProtocolHandshake.java:73)
at org.openqa.selenium.remote.HttpCommandExecutor.execute(HttpCommandExecutor.java:136)
at org.openqa.selenium.remote.service.DriverCommandExecutor.execute(DriverCommandExecutor.java:83)
at org.openqa.selenium.remote.RemoteWebDriver.execute(RemoteWebDriver.java:543)
at org.openqa.selenium.remote.RemoteWebDriver.startSession(RemoteWebDriver.java:207)
at org.openqa.selenium.remote.RemoteWebDriver.<init>(RemoteWebDriver.java:130)
at org.openqa.selenium.chrome.ChromeDriver.<init>(ChromeDriver.java:181)
at org.openqa.selenium.chrome.ChromeDriver.<init>(ChromeDriver.java:168)
at org.openqa.selenium.chrome.ChromeDriver.<init>(ChromeDriver.java:123)
at porshe718.setUp(porshe718.java:89)
at sun.reflect.NativeMethodAccessorImpl.invoke0(Native Method)
at sun.reflect.NativeMethodAccessorImpl.invoke(Unknown Source)
at sun.reflect.DelegatingMethodAccessorImpl.invoke(Unknown Source)
at java.lang.reflect.Method.invoke(Unknown Source)
at org.testng.internal.MethodInvocationHelper.invokeMethod(MethodInvocationHelper.java:124)
at org.testng.internal.MethodInvocationHelper.invokeMethodConsideringTimeout(MethodInvocationHelper.java:59)
at org.testng.internal.Invoker.invokeConfigurationMethod(Invoker.java:458)
at org.testng.internal.Invoker.invokeConfigurations(Invoker.java:222)
at org.testng.internal.Invoker.invokeConfigurations(Invoker.java:142)
at org.testng.internal.TestMethodWorker.invokeBeforeClassMethods(TestMethodWorker.java:168)
at org.testng.internal.TestMethodWorker.run(TestMethodWorker.java:105)
at org.testng.TestRunner.privateRun(TestRunner.java:648)
at org.testng.TestRunner.run(TestRunner.java:505)
at org.testng.SuiteRunner.runTest(SuiteRunner.java:455)
at org.testng.SuiteRunner.runSequentially(SuiteRunner.java:450)
at org.testng.SuiteRunner.privateRun(SuiteRunner.java:415)
at org.testng.SuiteRunner.run(SuiteRunner.java:364)
at org.testng.SuiteRunnerWorker.runSuite(SuiteRunnerWorker.java:52)
at org.testng.SuiteRunnerWorker.run(SuiteRunnerWorker.java:84)
at org.testng.TestNG.runSuitesSequentially(TestNG.java:1208)
at org.testng.TestNG.runSuitesLocally(TestNG.java:1137)
at org.testng.TestNG.runSuites(TestNG.java:1049)
at org.testng.TestNG.run(TestNG.java:1017)
at org.testng.remote.AbstractRemoteTestNG.run(AbstractRemoteTestNG.java:114)
at org.testng.remote.RemoteTestNG.initAndRun(RemoteTestNG.java:251)
at org.testng.remote.RemoteTestNG.main(RemoteTestNG.java:77)
]]>
    </failure>
  </testcase> <!-- @BeforeClass setUp -->
  <testcase name="@AfterClass tearDown" time="0.0" classname="porshe718">
    <skipped/>
  </testcase> <!-- @AfterClass tearDown -->
  <testcase name="verify_Base_Price" time="0.0" classname="porshe718">
    <skipped/>
  </testcase> <!-- verify_Base_Price -->
  <testcase name="verify_Equip_Price_Is_Zero" time="0.0" classname="porshe718">
    <skipped/>
  </testcase> <!-- verify_Equip_Price_Is_Zero -->
  <testcase name="verify_Initial_Total_Price" time="0.0" classname="porshe718">
    <skipped/>
  </testcase> <!-- verify_Initial_Total_Price -->
  <testcase name="verify_Color_Price" time="0.0" classname="porshe718">
    <skipped/>
  </testcase> <!-- verify_Color_Price -->
  <testcase name="verify_Rim_Price" time="0.0" classname="porshe718">
    <skipped/>
  </testcase> <!-- verify_Rim_Price -->
  <testcase name="verify_Power_Seat_Price" time="0.0" classname="porshe718">
    <skipped/>
  </testcase> <!-- verify_Power_Seat_Price -->
  <testcase name="verify_Interior_Carbon_Fiber_Price" time="0.0" classname="porshe718">
    <skipped/>
  </testcase> <!-- verify_Interior_Carbon_Fiber_Price -->
  <testcase name="verify_PDK_PCCB_Price" time="0.0" classname="porshe718">
    <skipped/>
  </testcase> <!-- verify_PDK_PCCB_Price -->
</testsuite>
